2020-03-24 00:53:23,624 -  nornir.core -     INFO -        run() - Running task 'fetch_running_config' with args {} on 6 hosts
2020-03-24 00:53:23,626 - nornir.core.task -    DEBUG -      start() - Host 'spine-1': running task 'fetch_running_config'
2020-03-24 00:53:23,627 - nornir.core.task -    DEBUG -      start() - Host 'spine-1': running task 'remote_command'
2020-03-24 00:53:23,627 - nornir.core.task -    DEBUG -      start() - Host 'spine-2': running task 'fetch_running_config'
2020-03-24 00:53:23,629 - nornir.core.task -    DEBUG -      start() - Host 'leaf-1': running task 'fetch_running_config'
2020-03-24 00:53:23,630 - nornir.core.task -    DEBUG -      start() - Host 'leaf-2': running task 'fetch_running_config'
2020-03-24 00:53:23,631 - nornir.core.task -    DEBUG -      start() - Host 'spine-2': running task 'remote_command'
2020-03-24 00:53:23,638 - nornir.core.task -    DEBUG -      start() - Host 'leaf-3': running task 'fetch_running_config'
2020-03-24 00:53:23,638 - nornir.core.task -    DEBUG -      start() - Host 'leaf-1': running task 'remote_command'
2020-03-24 00:53:23,639 - nornir.core.task -    DEBUG -      start() - Host 'leaf-4': running task 'fetch_running_config'
2020-03-24 00:53:23,639 - nornir.core.task -    DEBUG -      start() - Host 'leaf-2': running task 'remote_command'
2020-03-24 00:53:23,641 - nornir.core.task -    DEBUG -      start() - Host 'leaf-3': running task 'remote_command'
2020-03-24 00:53:23,643 - nornir.core.task -    DEBUG -      start() - Host 'leaf-4': running task 'remote_command'
2020-03-24 00:53:50,422 -  nornir.core -     INFO -        run() - Running task 'fetch_running_config' with args {} on 6 hosts
2020-03-24 00:53:50,423 - nornir.core.task -    DEBUG -      start() - Host 'spine-1': running task 'fetch_running_config'
2020-03-24 00:53:50,424 - nornir.core.task -    DEBUG -      start() - Host 'spine-2': running task 'fetch_running_config'
2020-03-24 00:53:50,425 - nornir.core.task -    DEBUG -      start() - Host 'spine-1': running task 'remote_command'
2020-03-24 00:53:50,426 - nornir.core.task -    DEBUG -      start() - Host 'leaf-1': running task 'fetch_running_config'
2020-03-24 00:53:50,427 - nornir.core.task -    DEBUG -      start() - Host 'spine-2': running task 'remote_command'
2020-03-24 00:53:50,427 - nornir.core.task -    DEBUG -      start() - Host 'leaf-2': running task 'fetch_running_config'
2020-03-24 00:53:50,429 - nornir.core.task -    DEBUG -      start() - Host 'leaf-3': running task 'fetch_running_config'
2020-03-24 00:53:50,430 - nornir.core.task -    DEBUG -      start() - Host 'leaf-4': running task 'fetch_running_config'
2020-03-24 00:53:50,430 - nornir.core.task -    DEBUG -      start() - Host 'leaf-1': running task 'remote_command'
2020-03-24 00:53:50,437 - nornir.core.task -    DEBUG -      start() - Host 'leaf-2': running task 'remote_command'
2020-03-24 00:53:50,438 - nornir.core.task -    DEBUG -      start() - Host 'leaf-3': running task 'remote_command'
2020-03-24 00:53:50,439 - nornir.core.task -    DEBUG -      start() - Host 'leaf-4': running task 'remote_command'
2020-03-24 00:55:20,885 -  nornir.core -     INFO -        run() - Running task 'fetch_running_config' with args {} on 6 hosts
2020-03-24 00:55:20,886 - nornir.core.task -    DEBUG -      start() - Host 'spine-1': running task 'fetch_running_config'
2020-03-24 00:55:20,887 - nornir.core.task -    DEBUG -      start() - Host 'spine-1': running task 'remote_command'
2020-03-24 00:55:20,887 - nornir.core.task -    DEBUG -      start() - Host 'spine-2': running task 'fetch_running_config'
2020-03-24 00:55:20,889 - nornir.core.task -    DEBUG -      start() - Host 'leaf-1': running task 'fetch_running_config'
2020-03-24 00:55:20,893 - nornir.core.task -    DEBUG -      start() - Host 'leaf-2': running task 'fetch_running_config'
2020-03-24 00:55:20,894 - nornir.core.task -    DEBUG -      start() - Host 'leaf-3': running task 'fetch_running_config'
2020-03-24 00:55:20,897 - nornir.core.task -    DEBUG -      start() - Host 'leaf-3': running task 'remote_command'
2020-03-24 00:55:20,895 - nornir.core.task -    DEBUG -      start() - Host 'leaf-4': running task 'fetch_running_config'
2020-03-24 00:55:20,896 - nornir.core.task -    DEBUG -      start() - Host 'leaf-1': running task 'remote_command'
2020-03-24 00:55:20,896 - nornir.core.task -    DEBUG -      start() - Host 'leaf-2': running task 'remote_command'
2020-03-24 00:55:20,895 - nornir.core.task -    DEBUG -      start() - Host 'spine-2': running task 'remote_command'
2020-03-24 00:55:20,900 - nornir.core.task -    DEBUG -      start() - Host 'leaf-4': running task 'remote_command'
2020-03-24 00:56:10,557 -  nornir.core -     INFO -        run() - Running task 'fetch_running_config' with args {} on 6 hosts
2020-03-24 00:56:10,559 - nornir.core.task -    DEBUG -      start() - Host 'spine-1': running task 'fetch_running_config'
2020-03-24 00:56:10,560 - nornir.core.task -    DEBUG -      start() - Host 'spine-2': running task 'fetch_running_config'
2020-03-24 00:56:10,561 - nornir.core.task -    DEBUG -      start() - Host 'spine-1': running task 'remote_command'
2020-03-24 00:56:10,561 - nornir.core.task -    DEBUG -      start() - Host 'leaf-1': running task 'fetch_running_config'
2020-03-24 00:56:10,562 - nornir.core.task -    DEBUG -      start() - Host 'spine-2': running task 'remote_command'
2020-03-24 00:56:10,562 - nornir.core.task -    DEBUG -      start() - Host 'leaf-2': running task 'fetch_running_config'
2020-03-24 00:56:10,563 - nornir.core.task -    DEBUG -      start() - Host 'leaf-3': running task 'fetch_running_config'
2020-03-24 00:56:10,565 - nornir.core.task -    DEBUG -      start() - Host 'leaf-4': running task 'fetch_running_config'
2020-03-24 00:56:10,565 - nornir.core.task -    DEBUG -      start() - Host 'leaf-1': running task 'remote_command'
2020-03-24 00:56:10,571 - nornir.core.task -    DEBUG -      start() - Host 'leaf-2': running task 'remote_command'
2020-03-24 00:56:10,573 - nornir.core.task -    DEBUG -      start() - Host 'leaf-3': running task 'remote_command'
2020-03-24 00:56:10,573 - nornir.core.task -    DEBUG -      start() - Host 'leaf-4': running task 'remote_command'
2020-03-24 00:58:34,292 -  nornir.core -     INFO -        run() - Running task 'fetch_running_config' with args {} on 6 hosts
2020-03-24 00:58:34,294 - nornir.core.task -    DEBUG -      start() - Host 'spine-1': running task 'fetch_running_config'
2020-03-24 00:58:34,295 - nornir.core.task -    DEBUG -      start() - Host 'spine-2': running task 'fetch_running_config'
2020-03-24 00:58:34,295 - nornir.core.task -    DEBUG -      start() - Host 'spine-1': running task 'remote_command'
2020-03-24 00:58:34,297 - nornir.core.task -    DEBUG -      start() - Host 'leaf-1': running task 'fetch_running_config'
2020-03-24 00:58:34,297 - nornir.core.task -    DEBUG -      start() - Host 'spine-2': running task 'remote_command'
2020-03-24 00:58:34,298 - nornir.core.task -    DEBUG -      start() - Host 'leaf-2': running task 'fetch_running_config'
2020-03-24 00:58:34,299 - nornir.core.task -    DEBUG -      start() - Host 'leaf-3': running task 'fetch_running_config'
2020-03-24 00:58:34,300 - nornir.core.task -    DEBUG -      start() - Host 'leaf-4': running task 'fetch_running_config'
2020-03-24 00:58:34,311 - nornir.core.task -    DEBUG -      start() - Host 'leaf-4': running task 'remote_command'
2020-03-24 00:58:34,308 - nornir.core.task -    DEBUG -      start() - Host 'leaf-2': running task 'remote_command'
2020-03-24 00:58:34,310 - nornir.core.task -    DEBUG -      start() - Host 'leaf-3': running task 'remote_command'
2020-03-24 00:58:34,305 - nornir.core.task -    DEBUG -      start() - Host 'leaf-1': running task 'remote_command'
2020-03-24 00:58:47,647 -  nornir.core -     INFO -        run() - Running task 'fetch_running_config' with args {} on 6 hosts
2020-03-24 00:58:47,648 - nornir.core.task -    DEBUG -      start() - Host 'spine-1': running task 'fetch_running_config'
2020-03-24 00:58:47,649 - nornir.core.task -    DEBUG -      start() - Host 'spine-2': running task 'fetch_running_config'
2020-03-24 00:58:47,649 - nornir.core.task -    DEBUG -      start() - Host 'spine-1': running task 'remote_command'
2020-03-24 00:58:47,650 - nornir.core.task -    DEBUG -      start() - Host 'leaf-1': running task 'fetch_running_config'
2020-03-24 00:58:47,651 - nornir.core.task -    DEBUG -      start() - Host 'spine-2': running task 'remote_command'
2020-03-24 00:58:47,651 - nornir.core.task -    DEBUG -      start() - Host 'leaf-2': running task 'fetch_running_config'
2020-03-24 00:58:47,653 - nornir.core.task -    DEBUG -      start() - Host 'leaf-3': running task 'fetch_running_config'
2020-03-24 00:58:47,654 - nornir.core.task -    DEBUG -      start() - Host 'leaf-1': running task 'remote_command'
2020-03-24 00:58:47,654 - nornir.core.task -    DEBUG -      start() - Host 'leaf-4': running task 'fetch_running_config'
2020-03-24 00:58:47,660 - nornir.core.task -    DEBUG -      start() - Host 'leaf-2': running task 'remote_command'
2020-03-24 00:58:47,661 - nornir.core.task -    DEBUG -      start() - Host 'leaf-3': running task 'remote_command'
2020-03-24 00:58:47,664 - nornir.core.task -    DEBUG -      start() - Host 'leaf-4': running task 'remote_command'
2020-03-24 00:59:01,019 -  nornir.core -     INFO -        run() - Running task 'fetch_running_config' with args {} on 6 hosts
2020-03-24 00:59:01,021 - nornir.core.task -    DEBUG -      start() - Host 'spine-1': running task 'fetch_running_config'
2020-03-24 00:59:01,022 - nornir.core.task -    DEBUG -      start() - Host 'spine-2': running task 'fetch_running_config'
2020-03-24 00:59:01,022 - nornir.core.task -    DEBUG -      start() - Host 'spine-1': running task 'remote_command'
2020-03-24 00:59:01,023 - nornir.core.task -    DEBUG -      start() - Host 'leaf-1': running task 'fetch_running_config'
2020-03-24 00:59:01,023 - nornir.core.task -    DEBUG -      start() - Host 'spine-2': running task 'remote_command'
2020-03-24 00:59:01,024 - nornir.core.task -    DEBUG -      start() - Host 'leaf-2': running task 'fetch_running_config'
2020-03-24 00:59:01,025 - nornir.core.task -    DEBUG -      start() - Host 'leaf-3': running task 'fetch_running_config'
2020-03-24 00:59:01,027 - nornir.core.task -    DEBUG -      start() - Host 'leaf-1': running task 'remote_command'
2020-03-24 00:59:01,027 - nornir.core.task -    DEBUG -      start() - Host 'leaf-4': running task 'fetch_running_config'
2020-03-24 00:59:01,032 - nornir.core.task -    DEBUG -      start() - Host 'leaf-2': running task 'remote_command'
2020-03-24 00:59:01,034 - nornir.core.task -    DEBUG -      start() - Host 'leaf-3': running task 'remote_command'
2020-03-24 00:59:01,035 - nornir.core.task -    DEBUG -      start() - Host 'leaf-4': running task 'remote_command'
2020-03-24 00:59:50,174 -  nornir.core -     INFO -        run() - Running task 'fetch_running_config' with args {} on 6 hosts
2020-03-24 00:59:50,175 - nornir.core.task -    DEBUG -      start() - Host 'spine-1': running task 'fetch_running_config'
2020-03-24 00:59:50,176 - nornir.core.task -    DEBUG -      start() - Host 'spine-1': running task 'remote_command'
2020-03-24 00:59:50,177 - nornir.core.task -    DEBUG -      start() - Host 'spine-2': running task 'fetch_running_config'
2020-03-24 00:59:50,180 - nornir.core.task -    DEBUG -      start() - Host 'leaf-1': running task 'fetch_running_config'
2020-03-24 00:59:50,180 - nornir.core.task -    DEBUG -      start() - Host 'spine-2': running task 'remote_command'
2020-03-24 00:59:50,184 - nornir.core.task -    DEBUG -      start() - Host 'leaf-1': running task 'remote_command'
2020-03-24 00:59:50,184 - nornir.core.task -    DEBUG -      start() - Host 'leaf-2': running task 'fetch_running_config'
2020-03-24 00:59:50,186 - nornir.core.task -    DEBUG -      start() - Host 'leaf-3': running task 'fetch_running_config'
2020-03-24 00:59:50,188 - nornir.core.task -    DEBUG -      start() - Host 'leaf-4': running task 'fetch_running_config'
2020-03-24 00:59:50,193 - nornir.core.task -    DEBUG -      start() - Host 'leaf-2': running task 'remote_command'
2020-03-24 00:59:50,194 - nornir.core.task -    DEBUG -      start() - Host 'leaf-3': running task 'remote_command'
2020-03-24 00:59:50,197 - nornir.core.task -    DEBUG -      start() - Host 'leaf-4': running task 'remote_command'
2020-03-24 01:00:10,192 -  nornir.core -     INFO -        run() - Running task 'fetch_running_config' with args {} on 6 hosts
2020-03-24 01:00:10,193 - nornir.core.task -    DEBUG -      start() - Host 'spine-1': running task 'fetch_running_config'
2020-03-24 01:00:10,193 - nornir.core.task -    DEBUG -      start() - Host 'spine-1': running task 'remote_command'
2020-03-24 01:00:10,194 - nornir.core.task -    DEBUG -      start() - Host 'spine-2': running task 'fetch_running_config'
2020-03-24 01:00:10,196 - nornir.core.task -    DEBUG -      start() - Host 'leaf-1': running task 'fetch_running_config'
2020-03-24 01:00:10,196 - nornir.core.task -    DEBUG -      start() - Host 'spine-2': running task 'remote_command'
2020-03-24 01:00:10,200 - nornir.core.task -    DEBUG -      start() - Host 'leaf-2': running task 'fetch_running_config'
2020-03-24 01:00:10,202 - nornir.core.task -    DEBUG -      start() - Host 'leaf-3': running task 'fetch_running_config'
2020-03-24 01:00:10,202 - nornir.core.task -    DEBUG -      start() - Host 'leaf-1': running task 'remote_command'
2020-03-24 01:00:10,203 - nornir.core.task -    DEBUG -      start() - Host 'leaf-4': running task 'fetch_running_config'
2020-03-24 01:00:10,208 - nornir.core.task -    DEBUG -      start() - Host 'leaf-2': running task 'remote_command'
2020-03-24 01:00:10,209 - nornir.core.task -    DEBUG -      start() - Host 'leaf-3': running task 'remote_command'
2020-03-24 01:00:10,213 - nornir.core.task -    DEBUG -      start() - Host 'leaf-4': running task 'remote_command'
2020-03-24 01:01:51,298 -  nornir.core -     INFO -        run() - Running task 'fetch_running_config' with args {} on 6 hosts
2020-03-24 01:01:51,300 - nornir.core.task -    DEBUG -      start() - Host 'spine-1': running task 'fetch_running_config'
2020-03-24 01:01:51,300 - nornir.core.task -    DEBUG -      start() - Host 'spine-1': running task 'remote_command'
2020-03-24 01:01:51,301 - nornir.core.task -    DEBUG -      start() - Host 'spine-2': running task 'fetch_running_config'
2020-03-24 01:01:51,302 - nornir.core.task -    DEBUG -      start() - Host 'spine-2': running task 'remote_command'
2020-03-24 01:01:51,303 - nornir.core.task -    DEBUG -      start() - Host 'leaf-1': running task 'fetch_running_config'
2020-03-24 01:01:51,308 - nornir.core.task -    DEBUG -      start() - Host 'leaf-2': running task 'fetch_running_config'
2020-03-24 01:01:51,311 - nornir.core.task -    DEBUG -      start() - Host 'leaf-3': running task 'fetch_running_config'
2020-03-24 01:01:51,311 - nornir.core.task -    DEBUG -      start() - Host 'leaf-1': running task 'remote_command'
2020-03-24 01:01:51,312 - nornir.core.task -    DEBUG -      start() - Host 'leaf-4': running task 'fetch_running_config'
2020-03-24 01:01:51,313 - nornir.core.task -    DEBUG -      start() - Host 'leaf-2': running task 'remote_command'
2020-03-24 01:01:51,315 - nornir.core.task -    DEBUG -      start() - Host 'leaf-3': running task 'remote_command'
2020-03-24 01:01:51,318 - nornir.core.task -    DEBUG -      start() - Host 'leaf-4': running task 'remote_command'
2020-03-24 01:02:27,234 -  nornir.core -     INFO -        run() - Running task 'fetch_running_config' with args {} on 6 hosts
2020-03-24 01:02:27,236 - nornir.core.task -    DEBUG -      start() - Host 'spine-1': running task 'fetch_running_config'
2020-03-24 01:02:27,236 - nornir.core.task -    DEBUG -      start() - Host 'spine-1': running task 'remote_command'
2020-03-24 01:02:27,237 - nornir.core.task -    DEBUG -      start() - Host 'spine-2': running task 'fetch_running_config'
2020-03-24 01:02:27,238 - nornir.core.task -    DEBUG -      start() - Host 'leaf-1': running task 'fetch_running_config'
2020-03-24 01:02:27,239 - nornir.core.task -    DEBUG -      start() - Host 'spine-2': running task 'remote_command'
2020-03-24 01:02:27,240 - nornir.core.task -    DEBUG -      start() - Host 'leaf-2': running task 'fetch_running_config'
2020-03-24 01:02:27,241 - nornir.core.task -    DEBUG -      start() - Host 'leaf-1': running task 'remote_command'
2020-03-24 01:02:27,242 - nornir.core.task -    DEBUG -      start() - Host 'leaf-3': running task 'fetch_running_config'
2020-03-24 01:02:27,246 - nornir.core.task -    DEBUG -      start() - Host 'leaf-4': running task 'fetch_running_config'
2020-03-24 01:02:27,248 - nornir.core.task -    DEBUG -      start() - Host 'leaf-2': running task 'remote_command'
2020-03-24 01:02:27,248 - nornir.core.task -    DEBUG -      start() - Host 'leaf-3': running task 'remote_command'
2020-03-24 01:02:27,252 - nornir.core.task -    DEBUG -      start() - Host 'leaf-4': running task 'remote_command'
2020-03-26 01:14:25,354 -  nornir.core -     INFO -        run() - Running task 'fetch_running_config' with args {} on 6 hosts
2020-03-26 01:14:25,355 - nornir.core.task -    DEBUG -      start() - Host 'spine-1': running task 'fetch_running_config'
2020-03-26 01:14:25,357 - nornir.core.task -    DEBUG -      start() - Host 'spine-1': running task 'remote_command'
2020-03-26 01:14:25,357 - nornir.core.task -    DEBUG -      start() - Host 'spine-2': running task 'fetch_running_config'
2020-03-26 01:14:25,359 - nornir.core.task -    DEBUG -      start() - Host 'spine-2': running task 'remote_command'
2020-03-26 01:14:25,359 - nornir.core.task -    DEBUG -      start() - Host 'leaf-1': running task 'fetch_running_config'
2020-03-26 01:14:25,362 - nornir.core.task -    DEBUG -      start() - Host 'leaf-1': running task 'remote_command'
2020-03-26 01:14:25,362 - nornir.core.task -    DEBUG -      start() - Host 'leaf-2': running task 'fetch_running_config'
2020-03-26 01:14:25,363 - nornir.core.task -    DEBUG -      start() - Host 'leaf-3': running task 'fetch_running_config'
2020-03-26 01:14:25,367 - nornir.core.task -    DEBUG -      start() - Host 'leaf-4': running task 'fetch_running_config'
2020-03-26 01:14:25,371 - nornir.core.task -    DEBUG -      start() - Host 'leaf-2': running task 'remote_command'
2020-03-26 01:14:25,371 - nornir.core.task -    DEBUG -      start() - Host 'leaf-3': running task 'remote_command'
2020-03-26 01:14:25,372 - nornir.core.task -    DEBUG -      start() - Host 'leaf-4': running task 'remote_command'
2020-03-26 01:16:47,302 -  nornir.core -     INFO -        run() - Running task 'fetch_running_config' with args {} on 6 hosts
2020-03-26 01:16:47,303 - nornir.core.task -    DEBUG -      start() - Host 'spine-1': running task 'fetch_running_config'
2020-03-26 01:16:47,305 - nornir.core.task -    DEBUG -      start() - Host 'spine-2': running task 'fetch_running_config'
2020-03-26 01:16:47,306 - nornir.core.task -    DEBUG -      start() - Host 'spine-1': running task 'remote_command'
2020-03-26 01:16:47,307 - nornir.core.task -    DEBUG -      start() - Host 'leaf-1': running task 'fetch_running_config'
2020-03-26 01:16:47,307 - nornir.core.task -    DEBUG -      start() - Host 'spine-2': running task 'remote_command'
2020-03-26 01:16:47,308 - nornir.core.task -    DEBUG -      start() - Host 'leaf-2': running task 'fetch_running_config'
2020-03-26 01:16:47,309 - nornir.core.task -    DEBUG -      start() - Host 'leaf-1': running task 'remote_command'
2020-03-26 01:16:47,310 - nornir.core.task -    DEBUG -      start() - Host 'leaf-3': running task 'fetch_running_config'
2020-03-26 01:16:47,317 - nornir.core.task -    DEBUG -      start() - Host 'leaf-4': running task 'fetch_running_config'
2020-03-26 01:16:47,319 - nornir.core.task -    DEBUG -      start() - Host 'leaf-2': running task 'remote_command'
2020-03-26 01:16:47,321 - nornir.core.task -    DEBUG -      start() - Host 'leaf-3': running task 'remote_command'
2020-03-26 01:16:47,324 - nornir.core.task -    DEBUG -      start() - Host 'leaf-4': running task 'remote_command'
